<?xml version="1.0" encoding="UTF-8"?>
<!-- Generated by org.testng.reporters.JUnitReportReporter -->
<testsuite hostname="LAPTOP-T9MLA83G" failures="0" tests="3" name="test.LoginCustomerLogout" time="168.513" errors="0" timestamp="2022-10-17T23:49:36 IST" skipped="0">
  <testcase classname="test.LoginCustomerLogout" name="login" time="52.105"/>
  <system-out/>
  <testcase classname="test.LoginCustomerLogout" name="login" time="56.781"/>
  <system-out/>
  <testcase classname="test.LoginCustomerLogout" name="login" time="59.627"/>
  <system-out/>
</testsuite> <!-- test.LoginCustomerLogout -->
